<?xml version="1.0" encoding="UTF-8"?>
<!-- Generated by org.testng.reporters.JUnitReportReporter -->
<testsuite hostname="kairosHW0451" failures="0" tests="3" name="com.minnwest.testcases.Minnwest_Login" time="169.219" errors="0" timestamp="18 May 2023 11:45:13 GMT" skipped="0">
  <testcase classname="com.minnwest.testcases.Minnwest_Login" name="minnwest_Login" time="54.452"/>
  <testcase classname="com.minnwest.testcases.Minnwest_Login" name="minnwest_Login" time="60.119"/>
  <testcase classname="com.minnwest.testcases.Minnwest_Login" name="minnwest_Login" time="54.648"/>
</testsuite> <!-- com.minnwest.testcases.Minnwest_Login -->
